[debug] [2021-12-01T16:41:05.226Z] ----------------------------------------------------------------------
[debug] [2021-12-01T16:41:05.228Z] Command:       C:\Program Files\nodejs\node.exe C:\Users\Aky\AppData\Roaming\npm\node_modules\firebase-tools\lib\bin\firebase.js deploy
[debug] [2021-12-01T16:41:05.228Z] CLI Version:   9.16.0
[debug] [2021-12-01T16:41:05.228Z] Platform:      win32
[debug] [2021-12-01T16:41:05.228Z] Node Version:  v14.6.0
[debug] [2021-12-01T16:41:05.229Z] Time:          Wed Dec 01 2021 19:41:05 GMT+0300 (GMT+03:00)
[debug] [2021-12-01T16:41:05.229Z] ----------------------------------------------------------------------
[debug] 
[debug] [2021-12-01T16:41:05.231Z] >>> [apiv2][query] GET https://firebase-public.firebaseio.com/cli.json [none]
[debug] [2021-12-01T16:41:05.292Z] > command requires scopes: ["email","openid","https://www.googleapis.com/auth/cloudplatformprojects.readonly","https://www.googleapis.com/auth/firebase","https://www.googleapis.com/auth/cloud-platform"]
[debug] [2021-12-01T16:41:05.292Z] > authorizing via signed-in user (ilanreklamolcum@gmail.com)
[debug] [2021-12-01T16:41:05.293Z] [iam] checking project gold-41ce0 for permissions ["firebase.projects.get","firebasehosting.sites.update"]
[debug] [2021-12-01T16:41:05.294Z] > refreshing access token with scopes: ["email","https://www.googleapis.com/auth/cloud-platform","https://www.googleapis.com/auth/cloudplatformprojects.readonly","https://www.googleapis.com/auth/firebase","openid"]
[debug] [2021-12-01T16:41:05.294Z] >>> HTTP REQUEST POST https://www.googleapis.com/oauth2/v3/token  
 <request body omitted>
[debug] [2021-12-01T16:41:05.509Z] <<< HTTP RESPONSE 200 {"pragma":"no-cache","cache-control":"no-cache, no-store, max-age=0, must-revalidate","expires":"Mon, 01 Jan 1990 00:00:00 GMT","date":"Wed, 01 Dec 2021 16:41:05 GMT","content-type":"application/json; charset=utf-8","vary":"X-Origin, Referer, Origin,Accept-Encoding","server":"scaffolding on HTTPServer2","x-xss-protection":"0","x-frame-options":"SAMEORIGIN","x-content-type-options":"nosniff","alt-svc":"h3=\":443\"; ma=2592000,h3-29=\":443\"; ma=2592000,h3-Q050=\":443\"; ma=2592000,h3-Q046=\":443\"; ma=2592000,h3-Q043=\":443\"; ma=2592000,quic=\":443\"; ma=2592000; v=\"46,43\"","accept-ranges":"none","transfer-encoding":"chunked"}
[debug] [2021-12-01T16:41:05.520Z] >>> HTTP REQUEST POST https://cloudresourcemanager.googleapis.com/v1/projects/gold-41ce0:testIamPermissions  
 {"permissions":["firebase.projects.get","firebasehosting.sites.update"]}
[debug] [2021-12-01T16:41:05.871Z] <<< [apiv2][status] GET https://firebase-public.firebaseio.com/cli.json 200
[debug] [2021-12-01T16:41:05.872Z] <<< [apiv2][body] GET https://firebase-public.firebaseio.com/cli.json {"cloudBuildErrorAfter":1594252800000,"cloudBuildWarnAfter":1590019200000,"defaultNode10After":1594252800000,"minVersion":"3.0.5","node8DeploysDisabledAfter":1613390400000,"node8RuntimeDisabledAfter":1615809600000,"node8WarnAfter":1600128000000}
[debug] [2021-12-01T16:41:06.562Z] <<< HTTP RESPONSE 200 {"content-type":"application/json; charset=UTF-8","vary":"X-Origin, Referer, Origin,Accept-Encoding","date":"Wed, 01 Dec 2021 16:41:06 GMT","server":"ESF","cache-control":"private","x-xss-protection":"0","x-frame-options":"SAMEORIGIN","x-content-type-options":"nosniff","server-timing":"gfet4t7; dur=839","alt-svc":"h3=\":443\"; ma=2592000,h3-29=\":443\"; ma=2592000,h3-Q050=\":443\"; ma=2592000,h3-Q046=\":443\"; ma=2592000,h3-Q043=\":443\"; ma=2592000,quic=\":443\"; ma=2592000; v=\"46,43\"","accept-ranges":"none","transfer-encoding":"chunked"}
[debug] [2021-12-01T16:41:06.562Z] [iam] error while checking permissions, command may fail: FirebaseError: Authorization failed. This account is missing the following required permissions on project gold-41ce0:

  firebase.projects.get
  firebasehosting.sites.update
[debug] [2021-12-01T16:41:06.563Z] > refreshing access token with scopes: []
[debug] [2021-12-01T16:41:06.563Z] >>> HTTP REQUEST POST https://www.googleapis.com/oauth2/v3/token  
 <request body omitted>
[debug] [2021-12-01T16:41:06.751Z] <<< HTTP RESPONSE 200 {"cache-control":"no-cache, no-store, max-age=0, must-revalidate","pragma":"no-cache","date":"Wed, 01 Dec 2021 16:41:06 GMT","expires":"Mon, 01 Jan 1990 00:00:00 GMT","content-type":"application/json; charset=utf-8","vary":"X-Origin, Referer, Origin,Accept-Encoding","server":"scaffolding on HTTPServer2","x-xss-protection":"0","x-frame-options":"SAMEORIGIN","x-content-type-options":"nosniff","alt-svc":"h3=\":443\"; ma=2592000,h3-29=\":443\"; ma=2592000,h3-Q050=\":443\"; ma=2592000,h3-Q046=\":443\"; ma=2592000,h3-Q043=\":443\"; ma=2592000,quic=\":443\"; ma=2592000; v=\"46,43\"","accept-ranges":"none","transfer-encoding":"chunked"}
[debug] [2021-12-01T16:41:06.769Z] >>> [apiv2][query] GET https://firebase.googleapis.com/v1beta1/projects/gold-41ce0 [none]
[debug] [2021-12-01T16:41:07.202Z] <<< [apiv2][status] GET https://firebase.googleapis.com/v1beta1/projects/gold-41ce0 403
[debug] [2021-12-01T16:41:07.202Z] <<< [apiv2][body] GET https://firebase.googleapis.com/v1beta1/projects/gold-41ce0 {"error":{"code":403,"message":"The caller does not have permission","status":"PERMISSION_DENIED"}}
[debug] [2021-12-01T16:41:07.204Z] HTTP Error: 403, The caller does not have permission
[debug] [2021-12-01T16:41:07.393Z] FirebaseError: HTTP Error: 403, The caller does not have permission
    at module.exports (C:\Users\Aky\AppData\Roaming\npm\node_modules\firebase-tools\lib\responseToError.js:38:12)
    at Client.doRequest (C:\Users\Aky\AppData\Roaming\npm\node_modules\firebase-tools\lib\apiv2.js:238:23)
    at processTicksAndRejections (internal/process/task_queues.js:93:5)
    at async Client.request (C:\Users\Aky\AppData\Roaming\npm\node_modules\firebase-tools\lib\apiv2.js:96:20)
    at async Object.getFirebaseProject (C:\Users\Aky\AppData\Roaming\npm\node_modules\firebase-tools\lib\management\projects.js:290:21)
    at async Object.getDefaultHostingSite (C:\Users\Aky\AppData\Roaming\npm\node_modules\firebase-tools\lib\getDefaultHostingSite.js:8:21)
    at async requireHostingSite (C:\Users\Aky\AppData\Roaming\npm\node_modules\firebase-tools\lib\requireHostingSite.js:9:18)
    at async Object.fn (C:\Users\Aky\AppData\Roaming\npm\node_modules\firebase-tools\lib\commands\deploy.js:65:9)
    at async C:\Users\Aky\AppData\Roaming\npm\node_modules\firebase-tools\lib\command.js:169:17
[error] 
[error] Error: Failed to get Firebase project gold-41ce0. Please make sure the project exists and your account has permission to access it.
[debug] [2021-12-01T16:41:17.356Z] ----------------------------------------------------------------------
[debug] [2021-12-01T16:41:17.358Z] Command:       C:\Program Files\nodejs\node.exe C:\Users\Aky\AppData\Roaming\npm\node_modules\firebase-tools\lib\bin\firebase.js init
[debug] [2021-12-01T16:41:17.358Z] CLI Version:   9.16.0
[debug] [2021-12-01T16:41:17.359Z] Platform:      win32
[debug] [2021-12-01T16:41:17.359Z] Node Version:  v14.6.0
[debug] [2021-12-01T16:41:17.359Z] Time:          Wed Dec 01 2021 19:41:17 GMT+0300 (GMT+03:00)
[debug] [2021-12-01T16:41:17.360Z] ----------------------------------------------------------------------
[debug] 
[debug] [2021-12-01T16:41:17.406Z] > command requires scopes: ["email","openid","https://www.googleapis.com/auth/cloudplatformprojects.readonly","https://www.googleapis.com/auth/firebase","https://www.googleapis.com/auth/cloud-platform"]
[debug] [2021-12-01T16:41:17.406Z] > authorizing via signed-in user (ilanreklamolcum@gmail.com)
[info] 
     ######## #### ########  ######## ########     ###     ######  ########
     ##        ##  ##     ## ##       ##     ##  ##   ##  ##       ##
     ######    ##  ########  ######   ########  #########  ######  ######
     ##        ##  ##    ##  ##       ##     ## ##     ##       ## ##
     ##       #### ##     ## ######## ########  ##     ##  ######  ########

You're about to initialize a Firebase project in this directory:

  C:\Users\Aky\elifsolar

Before we get started, keep in mind:

  * You are initializing within an existing Firebase project directory

